SF:lib\game_state.dart
DA:76,3
DA:78,6
DA:86,6
DA:87,6
DA:90,3
DA:91,3
DA:92,3
DA:95,9
DA:96,9
DA:97,9
DA:99,3
DA:102,3
DA:104,6
DA:105,6
DA:107,9
DA:108,6
DA:110,6
DA:111,3
DA:113,3
DA:114,6
DA:119,3
DA:121,3
DA:122,6
DA:127,3
DA:129,3
DA:130,6
DA:135,3
DA:137,3
DA:138,6
DA:146,2
DA:147,2
DA:150,2
DA:151,6
DA:154,8
DA:155,0
DA:158,0
DA:159,0
DA:160,0
DA:161,0
DA:167,0
DA:168,0
DA:169,0
DA:170,0
DA:171,0
DA:174,0
DA:177,0
DA:178,0
DA:179,0
DA:180,0
DA:182,0
DA:186,0
DA:188,0
DA:193,4
DA:194,4
DA:195,8
DA:196,2
DA:197,14
DA:200,6
DA:201,0
DA:202,0
DA:203,0
DA:207,2
DA:210,2
DA:211,2
DA:212,2
DA:215,2
DA:218,2
DA:221,2
DA:224,0
DA:225,0
DA:236,0
DA:237,0
DA:239,0
DA:241,0
DA:242,0
DA:246,0
DA:248,0
DA:250,0
DA:252,0
DA:254,0
DA:259,0
DA:260,0
DA:262,0
DA:263,0
DA:265,0
DA:266,0
DA:269,0
DA:274,0
DA:278,0
DA:283,0
DA:284,0
DA:286,0
DA:287,0
DA:288,0
DA:289,0
DA:290,0
DA:294,0
DA:295,0
DA:296,0
DA:297,0
DA:298,0
DA:302,0
DA:304,0
DA:305,0
DA:306,0
DA:307,0
DA:308,0
DA:309,0
DA:310,0
DA:311,0
DA:312,0
DA:314,0
DA:316,0
DA:320,0
DA:321,0
DA:322,0
DA:323,0
DA:324,0
DA:326,0
DA:327,0
DA:328,0
DA:330,0
DA:331,0
DA:332,0
DA:334,0
DA:335,0
DA:336,0
DA:341,2
DA:342,6
DA:343,0
DA:344,0
DA:345,0
DA:347,0
DA:350,0
DA:351,0
DA:354,0
DA:355,0
DA:358,0
DA:359,0
DA:360,0
DA:362,0
DA:363,0
DA:364,0
DA:365,0
DA:369,0
DA:370,0
DA:371,0
DA:372,0
DA:373,0
DA:379,0
DA:386,0
DA:387,0
DA:388,0
DA:389,0
DA:390,0
DA:391,0
DA:392,0
DA:393,0
DA:394,0
DA:395,0
DA:396,0
DA:398,0
DA:400,0
DA:401,0
DA:403,0
DA:404,0
DA:407,0
DA:409,0
DA:414,0
DA:418,2
DA:419,8
DA:420,0
DA:421,0
DA:423,0
DA:424,0
DA:429,2
DA:430,8
DA:431,0
DA:433,0
DA:434,0
DA:439,2
DA:440,8
DA:441,0
DA:443,0
DA:444,0
DA:449,0
DA:450,0
DA:451,0
DA:452,0
DA:453,0
DA:456,0
DA:457,0
DA:459,0
DA:464,2
DA:465,4
DA:466,4
DA:469,0
DA:470,0
DA:471,0
DA:472,2
DA:473,0
DA:474,0
DA:478,0
DA:479,0
DA:480,0
DA:481,2
DA:482,0
DA:483,0
DA:487,2
DA:488,2
DA:489,2
DA:491,4
DA:492,0
DA:493,0
DA:494,0
DA:497,4
DA:498,0
DA:499,0
DA:500,0
DA:503,4
DA:504,0
DA:505,0
DA:506,0
DA:509,4
DA:510,0
DA:511,0
DA:512,0
DA:515,4
DA:516,0
DA:517,0
DA:518,0
DA:521,4
DA:522,0
DA:523,0
DA:524,0
DA:528,0
DA:529,0
DA:532,0
DA:534,0
DA:535,0
DA:536,0
DA:537,0
DA:539,0
DA:543,2
DA:544,2
DA:546,2
DA:547,2
DA:549,2
DA:550,0
DA:551,0
DA:555,2
DA:556,0
DA:557,0
DA:562,2
DA:563,10
DA:568,2
DA:569,4
DA:570,2
DA:573,3
DA:574,1
DA:575,4
DA:581,1
DA:582,2
DA:585,1
DA:586,2
DA:587,2
DA:588,2
DA:589,2
DA:590,1
DA:591,1
DA:592,1
DA:593,1
DA:594,1
DA:595,1
DA:596,1
DA:597,1
DA:598,1
DA:599,1
DA:602,2
DA:603,1
DA:604,1
DA:606,2
DA:615,2
DA:624,1
DA:627,2
DA:628,2
DA:631,2
DA:633,3
DA:634,3
DA:635,4
DA:636,1
DA:643,2
DA:644,9
DA:647,2
DA:648,8
DA:651,2
DA:652,8
DA:669,2
DA:677,1
DA:678,1
DA:682,5
DA:683,4
DA:684,1
DA:685,1
DA:691,3
DA:692,1
DA:694,10
DA:695,3
DA:696,1
DA:697,1
DA:703,1
DA:706,1
DA:707,1
DA:708,1
DA:709,1
DA:712,0
DA:717,1
DA:718,1
DA:719,1
DA:720,3
DA:722,0
DA:723,0
DA:725,0
DA:726,0
DA:728,0
DA:729,0
DA:734,0
DA:735,0
DA:736,0
DA:737,0
DA:739,0
DA:740,0
DA:742,0
DA:743,0
DA:745,0
DA:746,0
DA:751,1
DA:752,1
DA:753,1
DA:754,5
DA:755,0
DA:756,0
DA:757,0
DA:758,0
DA:759,0
DA:760,0
DA:764,1
DA:765,1
DA:766,1
DA:767,2
DA:768,0
DA:769,0
DA:770,0
DA:771,0
DA:772,0
DA:773,0
DA:777,1
DA:778,1
DA:779,1
DA:780,2
DA:781,0
DA:782,0
DA:783,0
DA:784,0
DA:785,0
DA:786,0
DA:790,1
DA:794,2
DA:795,2
DA:797,6
DA:801,1
DA:802,1
DA:803,3
DA:804,3
DA:806,0
DA:807,0
DA:808,0
DA:810,0
DA:811,0
DA:812,0
DA:814,0
DA:815,0
DA:816,0
DA:820,3
DA:830,1
DA:831,12
DA:834,1
DA:835,1
DA:836,1
DA:838,1
DA:840,1
DA:842,1
DA:844,1
DA:845,1
DA:850,1
DA:851,1
DA:852,1
DA:854,1
DA:856,1
DA:857,2
DA:858,1
DA:859,1
DA:870,3
DA:880,0
DA:894,0
DA:909,0
DA:918,0
DA:919,0
DA:920,0
DA:921,0
DA:922,0
DA:930,3
LF:412
LH:182
end_of_record
SF:lib\audio_manager.dart
DA:5,6
DA:6,4
DA:7,2
DA:15,2
DA:16,0
DA:18,1
DA:19,1
DA:21,1
DA:25,0
DA:26,0
DA:27,0
DA:28,0
DA:31,1
DA:33,3
DA:34,0
DA:35,0
DA:36,0
DA:38,0
DA:43,1
DA:44,1
DA:46,3
DA:48,0
DA:52,0
DA:53,0
DA:55,0
DA:57,0
DA:61,0
DA:62,0
DA:64,0
DA:66,0
DA:70,0
DA:71,0
DA:73,0
DA:75,0
DA:80,0
DA:81,0
DA:84,0
DA:85,0
DA:86,0
DA:88,0
DA:92,0
DA:93,0
DA:96,0
DA:97,0
DA:98,0
DA:100,0
DA:104,0
DA:106,0
DA:108,0
DA:112,2
DA:114,4
DA:115,0
DA:117,0
DA:121,1
DA:122,2
DA:123,2
LF:56
LH:17
end_of_record
SF:lib\game_painter.dart
DA:14,1
DA:15,4
DA:16,4
DA:19,1
DA:22,4
DA:23,3
DA:24,3
DA:27,1
DA:30,1
DA:31,1
DA:35,1
DA:38,1
DA:41,1
DA:44,2
DA:45,0
DA:49,1
DA:50,1
DA:51,1
DA:54,1
DA:55,1
DA:57,0
DA:58,0
DA:61,0
DA:62,0
DA:63,0
DA:64,0
DA:66,0
DA:69,0
DA:71,0
DA:73,0
DA:74,0
DA:76,0
DA:77,0
DA:79,0
DA:83,0
DA:85,0
DA:87,0
DA:88,0
DA:92,0
DA:97,1
DA:98,2
DA:101,1
DA:102,1
DA:103,1
DA:104,1
DA:105,1
DA:107,1
DA:108,4
DA:110,4
DA:114,1
DA:117,1
DA:119,1
DA:120,4
DA:122,1
DA:123,1
DA:124,2
DA:125,3
DA:126,3
DA:127,3
DA:128,2
DA:132,1
DA:134,1
DA:136,3
DA:137,3
DA:140,6
DA:141,6
DA:144,6
DA:145,6
DA:148,10
DA:149,10
DA:152,2
DA:153,4
DA:157,1
DA:158,6
DA:159,6
DA:160,10
DA:163,2
DA:164,3
DA:168,1
DA:170,1
DA:171,2
DA:172,1
DA:173,4
DA:178,3
DA:179,5
DA:181,3
DA:182,7
DA:184,3
DA:185,7
DA:188,1
DA:189,3
DA:190,2
DA:192,3
DA:193,3
DA:195,3
DA:196,3
DA:199,1
DA:200,1
DA:201,2
DA:204,1
DA:205,9
DA:210,1
DA:211,9
DA:216,1
DA:219,1
DA:220,1
DA:221,1
DA:222,1
DA:224,1
DA:225,2
DA:226,1
DA:228,1
DA:229,1
DA:230,1
DA:233,1
DA:234,6
DA:235,7
DA:238,1
DA:239,6
DA:240,7
DA:245,1
DA:246,6
DA:247,7
DA:250,1
DA:251,6
DA:252,7
DA:257,3
DA:258,12
DA:259,1
DA:260,2
DA:261,3
DA:268,3
DA:269,12
DA:270,1
DA:271,2
DA:272,3
DA:279,3
DA:280,12
DA:282,1
DA:283,6
DA:284,7
DA:288,1
DA:289,6
DA:290,7
DA:296,3
DA:297,12
DA:299,1
DA:300,6
DA:301,7
DA:305,1
DA:306,6
DA:307,7
DA:314,1
DA:315,1
DA:316,2
DA:318,1
DA:319,1
DA:320,3
DA:321,2
DA:322,2
DA:328,1
DA:331,1
DA:332,1
DA:333,1
DA:334,1
DA:337,2
DA:338,8
DA:339,1
DA:340,6
DA:341,7
DA:347,2
DA:348,8
DA:349,1
DA:350,7
DA:351,6
DA:357,2
DA:358,8
DA:359,1
DA:360,7
DA:361,6
DA:367,2
DA:368,8
DA:369,1
DA:370,6
DA:371,7
DA:377,1
DA:380,8
DA:381,8
DA:382,8
DA:383,8
DA:386,1
DA:391,1
DA:392,2
DA:393,1
DA:394,7
DA:399,1
DA:400,2
DA:401,1
DA:402,2
DA:403,1
DA:404,1
DA:406,1
DA:407,1
DA:408,1
DA:410,1
DA:411,1
DA:416,3
DA:417,2
DA:418,5
DA:421,1
DA:422,1
DA:423,3
DA:424,5
DA:428,4
DA:429,4
DA:432,3
DA:433,2
DA:434,5
DA:437,1
DA:438,1
DA:439,3
DA:440,5
DA:444,0
DA:445,0
DA:448,0
DA:451,0
DA:453,0
DA:454,0
DA:457,0
DA:463,0
DA:464,0
DA:465,0
DA:466,0
DA:467,0
DA:468,0
DA:470,0
DA:471,0
DA:472,0
DA:474,0
DA:475,0
DA:478,0
DA:479,0
DA:480,0
DA:481,0
DA:482,0
DA:483,0
DA:489,0
DA:490,0
DA:491,0
DA:492,0
DA:498,0
DA:499,0
DA:500,0
DA:503,0
DA:504,0
DA:505,0
DA:508,0
DA:510,0
DA:513,0
DA:514,0
DA:515,0
DA:516,0
DA:518,0
DA:519,0
DA:521,0
DA:522,0
DA:524,0
DA:525,0
DA:532,0
DA:533,0
DA:537,0
DA:538,0
DA:541,0
DA:542,0
DA:545,0
DA:546,0
DA:549,0
DA:550,0
DA:553,0
DA:554,0
DA:555,0
DA:556,0
DA:557,0
DA:560,0
DA:561,0
DA:562,0
DA:564,0
DA:565,0
DA:566,0
DA:570,0
DA:571,0
DA:574,0
DA:575,0
DA:578,0
DA:579,0
DA:582,0
DA:583,0
DA:586,0
DA:587,0
DA:590,0
DA:591,0
DA:593,0
DA:601,0
DA:602,0
DA:605,0
DA:606,0
DA:607,0
DA:609,0
DA:610,0
DA:611,0
DA:615,0
DA:617,0
DA:618,0
DA:619,0
DA:620,0
DA:623,0
DA:624,0
DA:625,0
DA:626,0
DA:632,0
DA:633,0
DA:634,0
DA:635,0
DA:641,0
DA:642,0
DA:643,0
DA:644,0
DA:645,0
DA:651,0
DA:652,0
DA:654,0
DA:655,0
DA:656,0
DA:657,0
DA:660,0
DA:661,0
DA:663,0
DA:664,0
DA:671,0
DA:672,0
DA:675,0
DA:676,0
DA:677,0
DA:680,0
DA:681,0
DA:682,0
DA:685,0
DA:686,0
DA:687,0
DA:688,0
DA:689,0
DA:690,0
DA:692,0
DA:693,0
DA:695,0
DA:696,0
DA:698,0
DA:702,0
DA:703,0
DA:707,0
DA:708,0
DA:710,0
DA:711,0
DA:712,0
DA:713,0
DA:716,0
DA:717,0
DA:719,0
DA:723,0
DA:724,0
DA:727,0
DA:728,0
DA:730,0
DA:734,0
DA:735,0
DA:738,0
DA:739,0
DA:740,0
DA:741,0
DA:745,0
DA:747,0
DA:748,0
DA:749,0
DA:750,0
DA:752,0
DA:753,0
DA:754,0
DA:755,0
DA:757,0
DA:758,0
DA:762,1
DA:763,2
DA:764,0
DA:768,0
DA:769,0
DA:772,0
DA:773,0
DA:774,0
DA:775,0
DA:777,0
DA:778,0
DA:782,0
DA:783,0
DA:784,0
DA:785,0
DA:786,0
DA:788,0
DA:789,0
DA:790,0
DA:792,0
DA:793,0
DA:797,1
DA:798,2
DA:799,0
DA:800,0
DA:801,0
DA:804,0
DA:805,0
DA:809,1
DA:810,2
DA:811,0
DA:814,0
DA:815,0
DA:816,0
DA:817,0
DA:818,0
DA:819,0
DA:822,0
DA:823,0
DA:824,0
DA:826,0
DA:833,0
DA:834,0
DA:838,0
DA:839,0
DA:840,0
DA:841,0
DA:842,0
DA:845,0
DA:846,0
DA:847,0
DA:849,0
DA:856,0
DA:857,0
DA:861,1
DA:870,1
DA:877,1
LF:447
LH:211
end_of_record
SF:lib\main.dart
DA:10,0
DA:11,0
DA:15,1
DA:17,1
DA:19,1
DA:21,1
DA:25,1
DA:32,1
DA:34,1
DA:35,1
DA:47,1
DA:49,1
DA:51,2
DA:52,2
DA:55,2
DA:56,1
DA:58,1
DA:60,3
DA:63,2
DA:64,2
DA:67,1
DA:68,7
DA:69,2
DA:70,2
DA:75,1
DA:77,1
DA:78,3
DA:79,1
DA:80,1
DA:82,1
DA:83,1
DA:84,1
DA:86,1
DA:87,1
DA:88,1
DA:89,4
DA:90,2
DA:96,2
DA:97,1
DA:98,1
DA:99,1
DA:100,2
DA:101,1
DA:104,2
DA:107,2
DA:110,3
DA:117,1
DA:118,1
DA:122,1
DA:123,1
DA:124,1
DA:125,1
DA:126,1
DA:127,2
DA:128,1
DA:129,2
DA:131,1
DA:133,1
DA:137,1
DA:138,1
DA:139,1
DA:141,1
DA:147,1
DA:148,1
DA:149,1
DA:150,1
DA:151,2
DA:152,1
DA:153,2
DA:155,1
DA:157,1
DA:169,1
DA:170,1
DA:173,1
DA:174,1
DA:175,1
DA:176,1
DA:177,1
DA:179,1
DA:181,1
DA:182,1
DA:183,3
DA:184,1
DA:186,1
DA:187,4
DA:188,3
DA:190,1
DA:191,3
DA:192,2
DA:194,1
DA:195,3
DA:196,2
DA:198,1
DA:199,3
DA:200,2
DA:202,1
DA:203,3
DA:204,2
DA:206,1
DA:207,3
DA:208,2
DA:210,1
DA:211,3
DA:212,1
DA:220,1
DA:221,1
DA:224,1
DA:225,1
DA:226,1
DA:227,1
DA:228,1
DA:230,1
DA:232,1
DA:233,1
DA:235,2
DA:237,1
DA:238,5
DA:239,4
DA:240,1
DA:241,4
DA:242,1
DA:243,0
DA:254,1
DA:256,1
DA:257,7
DA:258,1
DA:259,7
DA:260,1
DA:261,7
DA:262,1
DA:263,7
DA:264,1
DA:265,7
DA:266,1
DA:267,7
DA:273,1
DA:274,1
DA:277,1
DA:278,1
DA:279,1
DA:280,1
DA:281,1
DA:283,1
DA:285,1
DA:286,1
DA:288,2
DA:290,2
DA:291,2
DA:292,2
DA:293,2
DA:294,2
DA:295,2
DA:302,1
DA:303,1
DA:307,1
DA:308,1
DA:309,1
DA:310,1
DA:311,1
DA:312,1
DA:314,1
DA:316,1
DA:324,1
DA:325,1
DA:328,1
DA:330,1
DA:331,1
DA:332,1
DA:333,1
DA:334,2
DA:335,2
DA:339,1
DA:340,1
DA:341,1
DA:342,1
DA:343,2
DA:344,2
DA:348,1
DA:349,1
DA:350,2
DA:351,1
DA:352,2
DA:353,4
DA:362,1
DA:363,1
DA:365,1
DA:366,1
DA:367,1
DA:368,1
DA:369,1
DA:370,1
DA:372,1
DA:374,1
DA:380,0
DA:381,0
DA:382,0
DA:383,0
DA:384,0
DA:385,0
DA:387,0
DA:388,0
DA:390,0
DA:394,0
DA:395,0
DA:399,0
DA:400,0
DA:401,0
DA:402,0
DA:405,0
DA:406,0
DA:408,0
DA:417,0
DA:418,0
DA:419,0
DA:420,0
DA:421,0
DA:422,0
DA:424,0
DA:435,1
DA:436,1
DA:437,2
DA:438,1
DA:439,2
DA:440,2
DA:442,1
DA:443,0
DA:444,0
DA:446,1
DA:447,0
DA:448,0
DA:450,1
DA:451,0
DA:452,0
DA:454,1
DA:455,2
DA:457,1
DA:458,0
DA:460,1
DA:461,2
DA:463,1
DA:464,0
DA:466,1
DA:467,0
DA:469,1
DA:470,1
DA:471,0
DA:472,0
DA:473,0
DA:476,0
DA:477,0
DA:481,1
DA:482,1
DA:483,2
DA:484,0
DA:485,0
DA:489,1
DA:490,1
DA:491,0
DA:492,0
DA:499,1
DA:500,1
DA:501,1
DA:502,1
DA:503,2
DA:505,1
DA:506,1
DA:507,1
DA:510,1
DA:511,2
DA:512,2
DA:516,1
DA:517,1
DA:518,1
DA:519,1
DA:520,14
DA:522,1
DA:523,1
DA:525,1
DA:527,1
DA:528,1
DA:529,5
DA:530,5
DA:532,1
DA:533,1
DA:534,1
DA:535,1
DA:536,1
DA:538,1
DA:542,1
DA:543,1
DA:544,1
DA:547,0
DA:549,0
DA:550,0
DA:551,0
DA:552,0
DA:554,0
DA:555,0
DA:556,0
DA:557,0
DA:558,0
DA:560,0
DA:562,0
DA:563,0
DA:565,0
DA:569,0
DA:570,0
DA:571,0
DA:573,0
DA:578,0
DA:579,0
DA:581,0
DA:582,0
DA:595,1
DA:598,1
DA:599,1
DA:600,5
DA:602,1
DA:604,1
DA:606,1
DA:607,1
DA:608,1
DA:609,1
DA:610,1
DA:611,2
DA:613,1
DA:615,1
DA:616,1
DA:618,1
DA:621,1
DA:622,1
DA:624,1
DA:634,1
DA:637,1
DA:638,1
DA:639,1
DA:640,2
DA:641,1
DA:643,1
DA:644,1
DA:645,1
DA:647,1
DA:648,1
DA:653,1
DA:655,1
DA:656,1
DA:678,1
DA:680,2
DA:681,2
DA:682,1
DA:689,1
DA:691,1
DA:692,1
DA:698,1
DA:700,1
DA:701,1
DA:704,1
DA:706,2
DA:707,3
DA:708,1
DA:709,1
DA:710,0
DA:711,0
DA:715,0
DA:719,1
DA:721,1
DA:722,1
DA:724,1
DA:726,4
DA:730,5
DA:731,1
DA:732,2
DA:733,2
DA:734,2
DA:735,2
DA:736,1
DA:737,0
DA:738,0
DA:739,0
DA:741,1
LF:380
LH:306
end_of_record
